d:\wps\кпо\с\курсач\tank\tank\tank\x64\debug\vc143.pdb
d:\wps\кпо\с\курсач\tank\tank\tank\x64\debug\vc143.idb
d:\wps\кпо\с\курсач\tank\tank\tank\x64\debug\wall.obj
d:\wps\кпо\с\курсач\tank\tank\tank\x64\debug\tank.obj
d:\wps\кпо\с\курсач\tank\tank\tank\x64\debug\shell.obj
d:\wps\кпо\с\курсач\tank\tank\tank\x64\debug\logic.obj
d:\wps\кпо\с\курсач\tank\tank\tank\x64\debug\gamezone.obj
d:\wps\кпо\с\курсач\tank\tank\tank\x64\debug\gamezone.obj.enc
d:\wps\кпо\с\курсач\tank\tank\x64\debug\tank.pdb
d:\wps\кпо\с\курсач\tank\tank\tank\x64\debug\tank.tlog\cl.command.1.tlog
d:\wps\кпо\с\курсач\tank\tank\tank\x64\debug\tank.tlog\cl.read.1.tlog
d:\wps\кпо\с\курсач\tank\tank\tank\x64\debug\tank.tlog\cl.write.1.tlog
d:\wps\кпо\с\курсач\tank\tank\tank\x64\debug\tank.tlog\link-cvtres.read.1.tlog
d:\wps\кпо\с\курсач\tank\tank\tank\x64\debug\tank.tlog\link-cvtres.write.1.tlog
d:\wps\кпо\с\курсач\tank\tank\tank\x64\debug\tank.tlog\link-rc.read.1.tlog
d:\wps\кпо\с\курсач\tank\tank\tank\x64\debug\tank.tlog\link-rc.write.1.tlog
d:\wps\кпо\с\курсач\tank\tank\tank\x64\debug\tank.tlog\link.15484-cvtres.read.1.tlog
d:\wps\кпо\с\курсач\tank\tank\tank\x64\debug\tank.tlog\link.15484-cvtres.write.1.tlog
d:\wps\кпо\с\курсач\tank\tank\tank\x64\debug\tank.tlog\link.15484-rc.read.1.tlog
d:\wps\кпо\с\курсач\tank\tank\tank\x64\debug\tank.tlog\link.15484-rc.write.1.tlog
d:\wps\кпо\с\курсач\tank\tank\tank\x64\debug\tank.tlog\link.15484.read.1.tlog
d:\wps\кпо\с\курсач\tank\tank\tank\x64\debug\tank.tlog\link.15484.read.2.tlog
d:\wps\кпо\с\курсач\tank\tank\tank\x64\debug\tank.tlog\link.15484.write.1.tlog
d:\wps\кпо\с\курсач\tank\tank\tank\x64\debug\tank.tlog\link.command.1.tlog
d:\wps\кпо\с\курсач\tank\tank\tank\x64\debug\tank.tlog\link.read.1.tlog
d:\wps\кпо\с\курсач\tank\tank\tank\x64\debug\tank.tlog\link.read.2.tlog
d:\wps\кпо\с\курсач\tank\tank\tank\x64\debug\tank.tlog\link.write.1.tlog
