  GameZone.c
D:\WPS\КПО\С\Курсач\Tank\Tank\Tank\GameZone.c(220,36): warning C4113: "void (__cdecl *)()" отличается в списках параметров от "_beginthread_proc_type"
D:\WPS\КПО\С\Курсач\Tank\Tank\Tank\GameZone.c(221,36): warning C4113: "void (__cdecl *)()" отличается в списках параметров от "_beginthread_proc_type"
D:\WPS\КПО\С\Курсач\Tank\Tank\Tank\GameZone.c(222,40): warning C4113: "void (__cdecl *)()" отличается в списках параметров от "_beginthread_proc_type"
D:\WPS\КПО\С\Курсач\Tank\Tank\Tank\GameZone.c(235,12): warning C4244: return: преобразование "WPARAM" в "INT", возможна потеря данных
  Logic.c
D:\WPS\КПО\С\Курсач\Tank\Tank\Tank\Logic.c(16,26): warning C4244: =: преобразование "LONG" в "short", возможна потеря данных
D:\WPS\КПО\С\Курсач\Tank\Tank\Tank\Logic.c(17,55): warning C4244: =: преобразование "LONG" в "short", возможна потеря данных
D:\WPS\КПО\С\Курсач\Tank\Tank\Tank\Logic.c(21,26): warning C4244: =: преобразование "LONG" в "short", возможна потеря данных
D:\WPS\КПО\С\Курсач\Tank\Tank\Tank\Logic.c(22,26): warning C4244: =: преобразование "LONG" в "short", возможна потеря данных
D:\WPS\КПО\С\Курсач\Tank\Tank\Tank\Logic.c(26,26): warning C4244: =: преобразование "LONG" в "short", возможна потеря данных
D:\WPS\КПО\С\Курсач\Tank\Tank\Tank\Logic.c(27,26): warning C4244: =: преобразование "LONG" в "short", возможна потеря данных
D:\WPS\КПО\С\Курсач\Tank\Tank\Tank\Logic.c(31,58): warning C4244: =: преобразование "LONG" в "short", возможна потеря данных
D:\WPS\КПО\С\Курсач\Tank\Tank\Tank\Logic.c(32,35): warning C4244: =: преобразование "LONG" в "short", возможна потеря данных
  Shell.c
  Tank.c
D:\WPS\КПО\С\Курсач\Tank\Tank\Tank\Tank.c(173,22): warning C4101: tankY: неиспользованная локальная переменная
D:\WPS\КПО\С\Курсач\Tank\Tank\Tank\Tank.c(173,15): warning C4101: tankX: неиспользованная локальная переменная
  Wall.c
  Создание кода
  24 of 26 functions (92.3%) were compiled, the rest were copied from previous compilation.
    20 functions were new in current compilation
    0 functions had inline decision re-evaluated but remain unchanged
  Создание кода завершено
  Tank.vcxproj -> D:\WPS\КПО\С\Курсач\Tank\Tank\x64\Release\Tank.exe
